[2025-11-18 19:23:20.729] [SkineticSDK] [info] [Skinetic] Command: loadPatternFromJSON ## {"tracks":[{"name":"Haptic 1","volume":100,"samples":[{"timestamp":0.0,"signalIndex":20,"speed":1.0,"repeatCount":1,"preDelay":0.0,"postDelay":0.0,"maxDuration":0.321375,"repeatSpat":false,"spatKeyframes":[{"timestamp":0.0,"vicinities":[{"position":[0.1,0.0,0.0],"orientation":[0.0,0.0,0.0,1.0],"scale":[0.1,0.08448831,0.16578937],"amplitude":100,"name":"Shape_001"}]}],"volumeKeyframes":[],"startCrop":0.0,"stopCrop":0.0}]}],"description":"","author":"","duration":0.322,"gui":{"tracks":[{"solo":false,"muted":false,"lock":false,"id":0,"color":"bg-[#dc1fc9]"}]},"patternBoost":10}
[2025-11-18 19:23:20.729] [SkineticSDK] [info] [Sequencer] Pattern loaded. Assigned to ID: 0
[2025-11-18 19:23:24.047] [SkineticSDK] [info] [Skinetic] Command: setConnectionCallback (0000014CB31502F0)
[2025-11-18 19:23:24.047] [SkineticSDK] [info] [Skinetic] Command: connect(0, 0)
[2025-11-18 19:23:24.553] [SkineticSDK] [info] [Sequencer] Pattern of ID 0 reloaded.
[2025-11-18 19:23:24.553] [SkineticSDK] [info] [Sequencer] Connection routine terminated: connectionCallback called.
[2025-11-18 19:23:24.553] [SkineticSDK] [info] [Sequencer] SDK Version: 1.4.2
[2025-11-18 19:23:24.553] [SkineticSDK] [info] [Sequencer] Serial Number: 389218328
[2025-11-18 19:23:24.553] [SkineticSDK] [info] [Sequencer] Skinetic Version: 1.3.3
[2025-11-18 19:23:24.553] [SkineticSDK] [info] [Sequencer] Skinetic Type: 17826049
[2025-11-18 19:23:39.883] [SkineticSDK] [info] [Skinetic] Command: playEffect(ID: 0, pr : 5, vol: 100, spd: 1, rpc: 1, rpd: 0, pat: 0, md: 0, boost: 0, override: 0, height: 0.302482, head: -174.037, tilt: -9.95084, frInv: 0, upInv: 0, riInv: 0, frAdd: 0, upAdd: 0, riAdd: 0)
[2025-11-18 19:23:39.883] [SkineticSDK] [info] [Sequencer] Effect assigned to ID: 0
[2025-11-18 19:23:40.202] [SkineticSDK] [info] [Skinetic] Command: playEffect(ID: 0, pr : 5, vol: 100, spd: 1, rpc: 1, rpd: 0, pat: 0, md: 0, boost: 0, override: 0, height: -0.043147, head: 158.932, tilt: 0.372729, frInv: 0, upInv: 0, riInv: 0, frAdd: 0, upAdd: 0, riAdd: 0)
[2025-11-18 19:23:40.202] [SkineticSDK] [info] [Sequencer] Effect assigned to ID: 1
[2025-11-18 19:23:40.339] [SkineticSDK] [info] [Skinetic] Command: playEffect(ID: 0, pr : 5, vol: 100, spd: 1, rpc: 1, rpd: 0, pat: 0, md: 0.372729, boost: 0, override: 0, height: 0.212582, head: 164.308, tilt: -9.62306, frInv: 0, upInv: 0, riInv: 0, frAdd: 0, upAdd: 0, riAdd: 0)
[2025-11-18 19:23:40.339] [SkineticSDK] [info] [Sequencer] Effect assigned to ID: 2
[2025-11-18 19:23:43.103] [SkineticSDK] [info] [Skinetic] Command: playEffect(ID: 0, pr : 5, vol: 100, spd: 1, rpc: 1, rpd: 0, pat: 0, md: 0, boost: 0, override: 0, height: 0.150434, head: -11.0977, tilt: -4.22355, frInv: 0, upInv: 0, riInv: 0, frAdd: 0, upAdd: 0, riAdd: 0)
[2025-11-18 19:23:43.103] [SkineticSDK] [info] [Sequencer] Effect assigned to ID: 3
[2025-11-18 19:23:43.132] [SkineticSDK] [info] [Skinetic] Command: playEffect(ID: 0, pr : 5, vol: 100, spd: 1, rpc: 1, rpd: 0, pat: 0, md: 0, boost: 0, override: 0, height: 0.177117, head: -4.02044, tilt: -6.30997, frInv: 0, upInv: 0, riInv: 0, frAdd: 0, upAdd: 0, riAdd: 0)
[2025-11-18 19:23:43.132] [SkineticSDK] [info] [Sequencer] Effect assigned to ID: 4
[2025-11-18 19:23:44.063] [SkineticSDK] [info] [Skinetic] Command: playEffect(ID: 0, pr : 5, vol: 100, spd: 1, rpc: 1, rpd: 0, pat: 0, md: 0, boost: 0, override: 0, height: 0.151704, head: -88.7364, tilt: 4.29774, frInv: 0, upInv: 0, riInv: 0, frAdd: 0, upAdd: 0, riAdd: 0)
[2025-11-18 19:23:44.063] [SkineticSDK] [info] [Sequencer] Effect assigned to ID: 5
[2025-11-18 19:23:44.103] [SkineticSDK] [info] [Skinetic] Command: playEffect(ID: 0, pr : 5, vol: 100, spd: 1, rpc: 1, rpd: 0, pat: 0, md: 0, boost: 0, override: 0, height: 0.212294, head: 13.9306, tilt: -5.58304, frInv: 0, upInv: 0, riInv: 0, frAdd: 0, upAdd: 0, riAdd: 0)
[2025-11-18 19:23:44.103] [SkineticSDK] [info] [Sequencer] Effect assigned to ID: 6
[2025-11-18 19:23:44.894] [SkineticSDK] [info] [Skinetic] Command: playEffect(ID: 0, pr : 5, vol: 100, spd: 1, rpc: 1, rpd: 0, pat: 0, md: 0, boost: 0, override: 0, height: 0.287124, head: -4.98763, tilt: -10.9754, frInv: 0, upInv: 0, riInv: 0, frAdd: 0, upAdd: 0, riAdd: 0)
[2025-11-18 19:23:44.894] [SkineticSDK] [info] [Sequencer] Effect assigned to ID: 7
[2025-11-18 19:23:44.894] [SkineticSDK] [info] [Skinetic] Command: playEffect(ID: 0, pr : 5, vol: 100, spd: 1, rpc: 1, rpd: 0, pat: 0, md: 0, boost: 0, override: 0, height: 0.110013, head: -5.8786, tilt: -3.56832, frInv: 0, upInv: 0, riInv: 0, frAdd: 0, upAdd: 0, riAdd: 0)
[2025-11-18 19:23:44.894] [SkineticSDK] [info] [Sequencer] Effect assigned to ID: 8
[2025-11-18 19:23:45.963] [SkineticSDK] [info] [Skinetic] Command: playEffect(ID: 0, pr : 5, vol: 100, spd: 1, rpc: 1, rpd: 0, pat: 0, md: 0, boost: 0, override: 0, height: 0.0251542, head: -8.48309, tilt: -0.733821, frInv: 0, upInv: 0, riInv: 0, frAdd: 0, upAdd: 0, riAdd: 0)
[2025-11-18 19:23:45.963] [SkineticSDK] [info] [Sequencer] Effect assigned to ID: 9
[2025-11-18 19:23:46.049] [SkineticSDK] [info] [Skinetic] Command: playEffect(ID: 0, pr : 5, vol: 100, spd: 1, rpc: 1, rpd: 0, pat: 0, md: 0, boost: 0, override: 0, height: 0.290447, head: -1.54053, tilt: 5.90658, frInv: 0, upInv: 0, riInv: 0, frAdd: 0, upAdd: 0, riAdd: 0)
[2025-11-18 19:23:46.049] [SkineticSDK] [info] [Sequencer] Effect assigned to ID: 10
[2025-11-18 19:23:46.228] [SkineticSDK] [info] [Skinetic] Command: playEffect(ID: 0, pr : 5, vol: 100, spd: 1, rpc: 1, rpd: 0, pat: 0, md: 5.90658, boost: 0, override: 0, height: 0.149151, head: -0.0484566, tilt: 11.0322, frInv: 0, upInv: 0, riInv: 0, frAdd: 0, upAdd: 0, riAdd: 0)
[2025-11-18 19:23:46.228] [SkineticSDK] [info] [Sequencer] Effect assigned to ID: 11
[2025-11-18 19:23:47.144] [SkineticSDK] [info] [Skinetic] Command: playEffect(ID: 0, pr : 5, vol: 100, spd: 1, rpc: 1, rpd: 0, pat: 0, md: 11.0322, boost: 0, override: 0, height: 0.202666, head: -12.354, tilt: -6.65732, frInv: 0, upInv: 0, riInv: 0, frAdd: 0, upAdd: 0, riAdd: 0)
[2025-11-18 19:23:47.144] [SkineticSDK] [info] [Sequencer] Effect assigned to ID: 12
[2025-11-18 19:23:47.591] [SkineticSDK] [info] [Skinetic] Command: playEffect(ID: 0, pr : 5, vol: 100, spd: 1, rpc: 1, rpd: 0, pat: 0, md: 0, boost: 0, override: 0, height: 0.124327, head: -11.5808, tilt: -4.58052, frInv: 0, upInv: 0, riInv: 0, frAdd: 0, upAdd: 0, riAdd: 0)
[2025-11-18 19:23:47.591] [SkineticSDK] [info] [Sequencer] Effect assigned to ID: 13
[2025-11-18 19:23:48.130] [SkineticSDK] [info] [Skinetic] Command: playEffect(ID: 0, pr : 5, vol: 100, spd: 1, rpc: 1, rpd: 0, pat: 0, md: 0, boost: 0, override: 0, height: 0.225999, head: -5.67344, tilt: 8.61929, frInv: 0, upInv: 0, riInv: 0, frAdd: 0, upAdd: 0, riAdd: 0)
[2025-11-18 19:23:48.130] [SkineticSDK] [info] [Sequencer] Effect assigned to ID: 14
[2025-11-18 19:23:49.435] [SkineticSDK] [info] [Skinetic] Command: playEffect(ID: 0, pr : 5, vol: 100, spd: 1, rpc: 1, rpd: 0, pat: 0, md: 8.61929, boost: 0, override: 0, height: 0.2045, head: -10.7178, tilt: -6.56166, frInv: 0, upInv: 0, riInv: 0, frAdd: 0, upAdd: 0, riAdd: 0)
[2025-11-18 19:23:49.435] [SkineticSDK] [info] [Sequencer] Effect assigned to ID: 15
[2025-11-18 19:23:50.227] [SkineticSDK] [info] [Skinetic] Command: playEffect(ID: 0, pr : 5, vol: 100, spd: 1, rpc: 1, rpd: 0, pat: 0, md: 0, boost: 0, override: 0, height: 0.211221, head: 5.37972, tilt: 9.11941, frInv: 0, upInv: 0, riInv: 0, frAdd: 0, upAdd: 0, riAdd: 0)
[2025-11-18 19:23:50.227] [SkineticSDK] [info] [Sequencer] Effect assigned to ID: 16
[2025-11-18 19:23:52.727] [SkineticSDK] [info] [Skinetic] Command: playEffect(ID: 0, pr : 5, vol: 100, spd: 1, rpc: 1, rpd: 0, pat: 0, md: 9.11941, boost: 0, override: 0, height: 0.00404078, head: -0.245493, tilt: -0.821153, frInv: 0, upInv: 0, riInv: 0, frAdd: 0, upAdd: 0, riAdd: 0)
[2025-11-18 19:23:52.727] [SkineticSDK] [info] [Sequencer] Effect assigned to ID: 17
[2025-11-18 19:23:56.366] [SkineticSDK] [info] [Skinetic] Command: playEffect(ID: 0, pr : 5, vol: 100, spd: 1, rpc: 1, rpd: 0, pat: 0, md: 0, boost: 0, override: 0, height: 0.195396, head: -15.4957, tilt: -9.61969, frInv: 0, upInv: 0, riInv: 0, frAdd: 0, upAdd: 0, riAdd: 0)
[2025-11-18 19:23:56.366] [SkineticSDK] [info] [Sequencer] Effect assigned to ID: 18
[2025-11-18 19:23:56.575] [SkineticSDK] [info] [Skinetic] Command: playEffect(ID: 0, pr : 5, vol: 100, spd: 1, rpc: 1, rpd: 0, pat: 0, md: 0, boost: 0, override: 0, height: 0.0497578, head: -50.007, tilt: -3.03674, frInv: 0, upInv: 0, riInv: 0, frAdd: 0, upAdd: 0, riAdd: 0)
[2025-11-18 19:23:56.575] [SkineticSDK] [info] [Sequencer] Effect assigned to ID: 19
[2025-11-18 19:23:58.560] [SkineticSDK] [info] [Skinetic] Command: playEffect(ID: 0, pr : 5, vol: 100, spd: 1, rpc: 1, rpd: 0, pat: 0, md: 0, boost: 0, override: 0, height: 0.186788, head: -124.273, tilt: -8.80031, frInv: 0, upInv: 0, riInv: 0, frAdd: 0, upAdd: 0, riAdd: 0)
[2025-11-18 19:23:58.560] [SkineticSDK] [info] [Sequencer] Effect assigned to ID: 20
[2025-11-18 19:23:59.545] [SkineticSDK] [info] [Skinetic] Command: playEffect(ID: 0, pr : 5, vol: 100, spd: 1, rpc: 1, rpd: 0, pat: 0, md: 0, boost: 0, override: 0, height: 0.169807, head: -114.424, tilt: 8.71449, frInv: 0, upInv: 0, riInv: 0, frAdd: 0, upAdd: 0, riAdd: 0)
[2025-11-18 19:23:59.545] [SkineticSDK] [info] [Sequencer] Effect assigned to ID: 21
[2025-11-18 19:24:00.504] [SkineticSDK] [info] [Skinetic] Command: playEffect(ID: 0, pr : 5, vol: 100, spd: 1, rpc: 1, rpd: 0, pat: 0, md: 8.71449, boost: 0, override: 0, height: 0.0617885, head: -83.8097, tilt: -3.83088, frInv: 0, upInv: 0, riInv: 0, frAdd: 0, upAdd: 0, riAdd: 0)
[2025-11-18 19:24:00.504] [SkineticSDK] [info] [Sequencer] Effect assigned to ID: 22
[2025-11-18 19:24:00.546] [SkineticSDK] [info] [Skinetic] Command: playEffect(ID: 0, pr : 5, vol: 100, spd: 1, rpc: 1, rpd: 0, pat: 0, md: 0, boost: 0, override: 0, height: 0.221196, head: -80.2192, tilt: -10.9104, frInv: 0, upInv: 0, riInv: 0, frAdd: 0, upAdd: 0, riAdd: 0)
[2025-11-18 19:24:00.546] [SkineticSDK] [info] [Sequencer] Effect assigned to ID: 23
[2025-11-18 19:24:01.059] [SkineticSDK] [info] [Skinetic] Command: playEffect(ID: 0, pr : 5, vol: 100, spd: 1, rpc: 1, rpd: 0, pat: 0, md: 0, boost: 0, override: 0, height: 0.196599, head: 18.3159, tilt: 3.38663, frInv: 0, upInv: 0, riInv: 0, frAdd: 0, upAdd: 0, riAdd: 0)
[2025-11-18 19:24:01.059] [SkineticSDK] [info] [Sequencer] Effect assigned to ID: 24
[2025-11-18 19:24:01.463] [SkineticSDK] [info] [Skinetic] Command: playEffect(ID: 0, pr : 5, vol: 100, spd: 1, rpc: 1, rpd: 0, pat: 0, md: 3.38663, boost: 0, override: 0, height: 0.144743, head: 18.2199, tilt: -5.43531, frInv: 0, upInv: 0, riInv: 0, frAdd: 0, upAdd: 0, riAdd: 0)
[2025-11-18 19:24:01.463] [SkineticSDK] [info] [Sequencer] Effect assigned to ID: 25
[2025-11-18 19:24:02.046] [SkineticSDK] [info] [Skinetic] Command: playEffect(ID: 0, pr : 5, vol: 100, spd: 1, rpc: 1, rpd: 0, pat: 0, md: 0, boost: 0, override: 0, height: 0.166869, head: 45.4747, tilt: 11.6329, frInv: 0, upInv: 0, riInv: 0, frAdd: 0, upAdd: 0, riAdd: 0)
[2025-11-18 19:24:02.046] [SkineticSDK] [info] [Sequencer] Effect assigned to ID: 26
[2025-11-18 19:24:02.461] [SkineticSDK] [info] [Skinetic] Command: playEffect(ID: 0, pr : 5, vol: 100, spd: 1, rpc: 1, rpd: 0, pat: 0, md: 11.6329, boost: 0, override: 0, height: 0.273782, head: 53.4272, tilt: 7.40152, frInv: 0, upInv: 0, riInv: 0, frAdd: 0, upAdd: 0, riAdd: 0)
[2025-11-18 19:24:02.462] [SkineticSDK] [info] [Sequencer] Effect assigned to ID: 27
[2025-11-18 19:24:02.809] [SkineticSDK] [info] [Skinetic] Command: playEffect(ID: 0, pr : 5, vol: 100, spd: 1, rpc: 1, rpd: 0, pat: 0, md: 7.40152, boost: 0, override: 0, height: 0.0993315, head: 43.2321, tilt: -8.0876, frInv: 0, upInv: 0, riInv: 0, frAdd: 0, upAdd: 0, riAdd: 0)
[2025-11-18 19:24:02.809] [SkineticSDK] [info] [Sequencer] Effect assigned to ID: 28
[2025-11-18 19:24:03.073] [SkineticSDK] [info] [Skinetic] Command: playEffect(ID: 0, pr : 5, vol: 100, spd: 1, rpc: 1, rpd: 0, pat: 0, md: 0, boost: 0, override: 0, height: 0.0347708, head: 31.7597, tilt: -5.24938, frInv: 0, upInv: 0, riInv: 0, frAdd: 0, upAdd: 0, riAdd: 0)
[2025-11-18 19:24:03.073] [SkineticSDK] [info] [Sequencer] Effect assigned to ID: 29
[2025-11-18 19:24:03.211] [SkineticSDK] [info] [Skinetic] Command: playEffect(ID: 0, pr : 5, vol: 100, spd: 1, rpc: 1, rpd: 0, pat: 0, md: 0, boost: 0, override: 0, height: 0.0348946, head: -3.94948, tilt: 7.97324, frInv: 0, upInv: 0, riInv: 0, frAdd: 0, upAdd: 0, riAdd: 0)
[2025-11-18 19:24:03.211] [SkineticSDK] [info] [Sequencer] Effect assigned to ID: 30
[2025-11-18 19:24:03.297] [SkineticSDK] [info] [Skinetic] Command: playEffect(ID: 0, pr : 5, vol: 100, spd: 1, rpc: 1, rpd: 0, pat: 0, md: 7.97324, boost: 0, override: 0, height: 0.00335199, head: 17.4288, tilt: -8.45533, frInv: 0, upInv: 0, riInv: 0, frAdd: 0, upAdd: 0, riAdd: 0)
[2025-11-18 19:24:03.297] [SkineticSDK] [info] [Sequencer] Effect assigned to ID: 31
[2025-11-18 19:24:03.531] [SkineticSDK] [info] [Skinetic] Command: playEffect(ID: 0, pr : 5, vol: 100, spd: 1, rpc: 1, rpd: 0, pat: 0, md: 0, boost: 0, override: 0, height: 0.100929, head: -16.9417, tilt: 6.60699, frInv: 0, upInv: 0, riInv: 0, frAdd: 0, upAdd: 0, riAdd: 0)
[2025-11-18 19:24:03.531] [SkineticSDK] [info] [Sequencer] Effect assigned to ID: 32
[2025-11-18 19:24:03.561] [SkineticSDK] [info] [Skinetic] Command: playEffect(ID: 0, pr : 5, vol: 100, spd: 1, rpc: 1, rpd: 0, pat: 0, md: 0, boost: 0, override: 0, height: 0.138137, head: -0.890873, tilt: 2.4528, frInv: 0, upInv: 0, riInv: 0, frAdd: 0, upAdd: 0, riAdd: 0)
[2025-11-18 19:24:03.561] [SkineticSDK] [info] [Sequencer] Effect assigned to ID: 33
[2025-11-18 19:24:03.574] [SkineticSDK] [info] [Skinetic] Command: playEffect(ID: 0, pr : 5, vol: 100, spd: 1, rpc: 1, rpd: 0, pat: 0, md: 0, boost: 0, override: 0, height: 0.213569, head: 10.6814, tilt: 17.1991, frInv: 0, upInv: 0, riInv: 0, frAdd: 0, upAdd: 0, riAdd: 0)
[2025-11-18 19:24:03.574] [SkineticSDK] [info] [Sequencer] Effect assigned to ID: 34
[2025-11-18 19:24:03.607] [SkineticSDK] [info] [Skinetic] Command: playEffect(ID: 0, pr : 5, vol: 100, spd: 1, rpc: 1, rpd: 0, pat: 0, md: 17.1991, boost: 0, override: 0, height: 0.386784, head: 14.0553, tilt: 19.2623, frInv: 0, upInv: 0, riInv: 0, frAdd: 0, upAdd: 0, riAdd: 0)
[2025-11-18 19:24:03.607] [SkineticSDK] [info] [Sequencer] Effect assigned to ID: 35
[2025-11-18 19:24:03.794] [SkineticSDK] [info] [Skinetic] Command: playEffect(ID: 0, pr : 5, vol: 100, spd: 1, rpc: 1, rpd: 0, pat: 0, md: 19.2623, boost: 0, override: 0, height: 0.272267, head: 19.1628, tilt: 32.6745, frInv: 0, upInv: 0, riInv: 0, frAdd: 0, upAdd: 0, riAdd: 0)
[2025-11-18 19:24:03.794] [SkineticSDK] [info] [Sequencer] Effect assigned to ID: 36
[2025-11-18 19:24:04.841] [SkineticSDK] [info] [Sequencer] Disconnection routine terminated: connectionCallback called.
